# JRE version: OpenJDK Runtime Environment (21.0.6) (build 21.0.6+-13368085-b895.109)
# Java VM: OpenJDK 64-Bit Server VM (21.0.6+-13368085-b895.109, mixed mode, tiered, compressed oops, compressed class ptrs, g1 gc, windows-amd64)
GC Precious Log:
 CardTable entry size: 512
 Card Set container configuration: InlinePtr #cards 5 size 8 Array Of Cards #cards 12 size 40 Howl #buckets 4 coarsen threshold 1843 Howl Bitmap #cards 512 size 80 coarsen threshold 460 Card regions per heap region 1 cards per card region 2048
 CPUs: 4 total, 4 available
 Memory: 7828M
 Large Page Support: Disabled
 NUMA Support: Disabled
 Compressed Oops: Enabled (32-bit)
 Heap Region Size: 1M
 Heap Min Capacity: 8M
 Heap Initial Capacity: 124M
 Heap Max Capacity: 1958M
 Pre-touch: Disabled
 Parallel Workers: 4
 Concurrent Workers: 1
 Concurrent Refinement Workers: 4
 Periodic GC: Disabled
Heap:
 garbage-first heap   total 48128K, used 28965K [0x0000000085a00000, 0x0000000100000000)
  region size 1024K, 3 young (3072K), 3 survivors (3072K)
 Metaspace       used 50550K, committed 50880K, reserved 1114112K
  class space    used 5789K, committed 5952K, reserved 1048576K
GC Heap History (20 events):
Event: 0.990 GC heap after
{Heap after GC invocations=2 (full 0):
 garbage-first heap   total 126976K, used 6978K [0x0000000085a00000, 0x0000000100000000)
  region size 1024K, 2 young (2048K), 2 survivors (2048K)
 Metaspace       used 17036K, committed 17216K, reserved 1114112K
  class space    used 1657K, committed 1728K, reserved 1048576K
}
Event: 1.244 GC heap before
{Heap before GC invocations=2 (full 0):
 garbage-first heap   total 126976K, used 19266K [0x0000000085a00000, 0x0000000100000000)
  region size 1024K, 15 young (15360K), 2 survivors (2048K)
 Metaspace       used 21340K, committed 21504K, reserved 1114112K
  class space    used 2164K, committed 2240K, reserved 1048576K
}
Event: 1.248 GC heap after
{Heap after GC invocations=3 (full 0):
 garbage-first heap   total 126976K, used 7461K [0x0000000085a00000, 0x0000000100000000)
  region size 1024K, 2 young (2048K), 2 survivors (2048K)
 Metaspace       used 21340K, committed 21504K, reserved 1114112K
  class space    used 2164K, committed 2240K, reserved 1048576K
}
Event: 1.656 GC heap before
{Heap before GC invocations=4 (full 0):
 garbage-first heap   total 27648K, used 26917K [0x0000000085a00000, 0x0000000100000000)
  region size 1024K, 21 young (21504K), 2 survivors (2048K)
 Metaspace       used 25184K, committed 25536K, reserved 1114112K
  class space    used 2651K, committed 2816K, reserved 1048576K
}
Event: 1.667 GC heap after
{Heap after GC invocations=5 (full 0):
 garbage-first heap   total 33792K, used 11557K [0x0000000085a00000, 0x0000000100000000)
  region size 1024K, 6 young (6144K), 6 survivors (6144K)
 Metaspace       used 25184K, committed 25536K, reserved 1114112K
  class space    used 2651K, committed 2816K, reserved 1048576K
}
Event: 1.906 GC heap before
{Heap before GC invocations=5 (full 0):
 garbage-first heap   total 33792K, used 23845K [0x0000000085a00000, 0x0000000100000000)
  region size 1024K, 18 young (18432K), 6 survivors (6144K)
 Metaspace       used 26953K, committed 27200K, reserved 1114112K
  class space    used 2895K, committed 3008K, reserved 1048576K
}
Event: 1.925 GC heap after
{Heap after GC invocations=6 (full 0):
 garbage-first heap   total 34816K, used 15349K [0x0000000085a00000, 0x0000000100000000)
  region size 1024K, 3 young (3072K), 3 survivors (3072K)
 Metaspace       used 26953K, committed 27200K, reserved 1114112K
  class space    used 2895K, committed 3008K, reserved 1048576K
}
Event: 2.150 GC heap before
{Heap before GC invocations=6 (full 0):
 garbage-first heap   total 34816K, used 24565K [0x0000000085a00000, 0x0000000100000000)
  region size 1024K, 13 young (13312K), 3 survivors (3072K)
 Metaspace       used 29450K, committed 29760K, reserved 1114112K
  class space    used 3128K, committed 3264K, reserved 1048576K
}
Event: 2.155 GC heap after
{Heap after GC invocations=7 (full 0):
 garbage-first heap   total 34816K, used 16875K [0x0000000085a00000, 0x0000000100000000)
  region size 1024K, 1 young (1024K), 1 survivors (1024K)
 Metaspace       used 29450K, committed 29760K, reserved 1114112K
  class space    used 3128K, committed 3264K, reserved 1048576K
}
Event: 2.505 GC heap before
{Heap before GC invocations=7 (full 0):
 garbage-first heap   total 34816K, used 26091K [0x0000000085a00000, 0x0000000100000000)
  region size 1024K, 11 young (11264K), 1 survivors (1024K)
 Metaspace       used 33111K, committed 33344K, reserved 1114112K
  class space    used 4011K, committed 4096K, reserved 1048576K
}
Event: 2.508 GC heap after
{Heap after GC invocations=8 (full 0):
 garbage-first heap   total 46080K, used 17412K [0x0000000085a00000, 0x0000000100000000)
  region size 1024K, 2 young (2048K), 2 survivors (2048K)
 Metaspace       used 33111K, committed 33344K, reserved 1114112K
  class space    used 4011K, committed 4096K, reserved 1048576K
}
Event: 2.953 GC heap before
{Heap before GC invocations=9 (full 0):
 garbage-first heap   total 46080K, used 36868K [0x0000000085a00000, 0x0000000100000000)
  region size 1024K, 22 young (22528K), 2 survivors (2048K)
 Metaspace       used 37320K, committed 37568K, reserved 1114112K
  class space    used 4456K, committed 4544K, reserved 1048576K
}
Event: 2.960 GC heap after
{Heap after GC invocations=10 (full 0):
 garbage-first heap   total 46080K, used 18738K [0x0000000085a00000, 0x0000000100000000)
  region size 1024K, 3 young (3072K), 3 survivors (3072K)
 Metaspace       used 37320K, committed 37568K, reserved 1114112K
  class space    used 4456K, committed 4544K, reserved 1048576K
}
Event: 3.401 GC heap before
{Heap before GC invocations=10 (full 0):
 garbage-first heap   total 46080K, used 37170K [0x0000000085a00000, 0x0000000100000000)
  region size 1024K, 22 young (22528K), 3 survivors (3072K)
 Metaspace       used 42949K, committed 43200K, reserved 1114112K
  class space    used 5009K, committed 5120K, reserved 1048576K
}
Event: 3.409 GC heap after
{Heap after GC invocations=11 (full 0):
 garbage-first heap   total 46080K, used 19453K [0x0000000085a00000, 0x0000000100000000)
  region size 1024K, 3 young (3072K), 3 survivors (3072K)
 Metaspace       used 42949K, committed 43200K, reserved 1114112K
  class space    used 5009K, committed 5120K, reserved 1048576K
}
Event: 3.927 GC heap before
{Heap before GC invocations=11 (full 0):
 garbage-first heap   total 46080K, used 37885K [0x0000000085a00000, 0x0000000100000000)
  region size 1024K, 22 young (22528K), 3 survivors (3072K)
 Metaspace       used 47073K, committed 47296K, reserved 1114112K
  class space    used 5451K, committed 5568K, reserved 1048576K
}
Event: 3.937 GC heap after
{Heap after GC invocations=12 (full 0):
 garbage-first heap   total 46080K, used 21366K [0x0000000085a00000, 0x0000000100000000)
  region size 1024K, 3 young (3072K), 3 survivors (3072K)
 Metaspace       used 47073K, committed 47296K, reserved 1114112K
  class space    used 5451K, committed 5568K, reserved 1048576K
}
Event: 4.360 GC heap before
{Heap before GC invocations=12 (full 0):
 garbage-first heap   total 46080K, used 39798K [0x0000000085a00000, 0x0000000100000000)
  region size 1024K, 21 young (21504K), 3 survivors (3072K)
 Metaspace       used 48488K, committed 48768K, reserved 1114112K
  class space    used 5566K, committed 5696K, reserved 1048576K
}
Event: 4.376 GC heap after
{Heap after GC invocations=13 (full 0):
 garbage-first heap   total 48128K, used 26375K [0x0000000085a00000, 0x0000000100000000)
  region size 1024K, 3 young (3072K), 3 survivors (3072K)
 Metaspace       used 48488K, committed 48768K, reserved 1114112K
  class space    used 5566K, committed 5696K, reserved 1048576K
}
Event: 4.715 GC heap before
{Heap before GC invocations=13 (full 0):
 garbage-first heap   total 48128K, used 39687K [0x0000000085a00000, 0x0000000100000000)
  region size 1024K, 17 young (17408K), 3 survivors (3072K)
 Metaspace       used 50550K, committed 50880K, reserved 1114112K
  class space    used 5789K, committed 5952K, reserved 1048576K
}

